CRITICAL - 2023-07-08 00:08:22 --> Undefined variable $tof
in APPPATH\Views\welcome_message.php on line 231.
 1 APPPATH\Views\welcome_message.php(231): CodeIgniter\Debug\Exceptions->errorHandler(2, 'Undefined variable $tof', 'C:\\xampp\\htdocs\\ufm\\app\\Views\\welcome_message.php', 231)
 2 SYSTEMPATH\View\View.php(213): include('C:\\xampp\\htdocs\\ufm\\app\\Views\\welcome_message.php')
 3 SYSTEMPATH\View\View.php(216): CodeIgniter\View\View->CodeIgniter\View\{closure}()
 4 SYSTEMPATH\Common.php(1184): CodeIgniter\View\View->render('welcome_message', [], true)
 5 APPPATH\Controllers\Home.php(24): view('welcome_message')
 6 SYSTEMPATH\CodeIgniter.php(934): App\Controllers\Home->index()
 7 SYSTEMPATH\CodeIgniter.php(499): CodeIgniter\CodeIgniter->runController(Object(App\Controllers\Home))
 8 SYSTEMPATH\CodeIgniter.php(368): CodeIgniter\CodeIgniter->handleRequest(null, Object(Config\Cache), false)
 9 FCPATH\index.php(67): CodeIgniter\CodeIgniter->run()
CRITICAL - 2023-07-08 00:16:35 --> Undefined variable $tof
in APPPATH\Views\contactenos.php on line 48.
 1 APPPATH\Views\contactenos.php(48): CodeIgniter\Debug\Exceptions->errorHandler(2, 'Undefined variable $tof', 'C:\\xampp\\htdocs\\ufm\\app\\Views\\contactenos.php', 48)
 2 SYSTEMPATH\View\View.php(213): include('C:\\xampp\\htdocs\\ufm\\app\\Views\\contactenos.php')
 3 SYSTEMPATH\View\View.php(216): CodeIgniter\View\View->CodeIgniter\View\{closure}()
 4 SYSTEMPATH\Common.php(1184): CodeIgniter\View\View->render('contactenos', [], true)
 5 APPPATH\Controllers\c_contactenos.php(18): view('contactenos')
 6 SYSTEMPATH\CodeIgniter.php(934): App\Controllers\c_contactenos->contactar()
 7 SYSTEMPATH\CodeIgniter.php(499): CodeIgniter\CodeIgniter->runController(Object(App\Controllers\c_contactenos))
 8 SYSTEMPATH\CodeIgniter.php(368): CodeIgniter\CodeIgniter->handleRequest(null, Object(Config\Cache), false)
 9 FCPATH\index.php(67): CodeIgniter\CodeIgniter->run()
CRITICAL - 2023-07-08 00:26:35 --> Undefined variable $tof
in APPPATH\Views\admin-page.php on line 117.
 1 APPPATH\Views\admin-page.php(117): CodeIgniter\Debug\Exceptions->errorHandler(2, 'Undefined variable $tof', 'C:\\xampp\\htdocs\\ufm\\app\\Views\\admin-page.php', 117)
 2 SYSTEMPATH\View\View.php(213): include('C:\\xampp\\htdocs\\ufm\\app\\Views\\admin-page.php')
 3 SYSTEMPATH\View\View.php(216): CodeIgniter\View\View->CodeIgniter\View\{closure}()
 4 SYSTEMPATH\Common.php(1184): CodeIgniter\View\View->render('admin-page', [], true)
 5 APPPATH\Controllers\C_admin_page.php(21): view('admin-page')
 6 SYSTEMPATH\CodeIgniter.php(934): App\Controllers\C_admin_page->adminPage()
 7 SYSTEMPATH\CodeIgniter.php(499): CodeIgniter\CodeIgniter->runController(Object(App\Controllers\C_admin_page))
 8 SYSTEMPATH\CodeIgniter.php(368): CodeIgniter\CodeIgniter->handleRequest(null, Object(Config\Cache), false)
 9 FCPATH\index.php(67): CodeIgniter\CodeIgniter->run()
CRITICAL - 2023-07-08 00:27:21 --> Undefined variable $tof
in APPPATH\Views\admin-page.php on line 117.
 1 APPPATH\Views\admin-page.php(117): CodeIgniter\Debug\Exceptions->errorHandler(2, 'Undefined variable $tof', 'C:\\xampp\\htdocs\\ufm\\app\\Views\\admin-page.php', 117)
 2 SYSTEMPATH\View\View.php(213): include('C:\\xampp\\htdocs\\ufm\\app\\Views\\admin-page.php')
 3 SYSTEMPATH\View\View.php(216): CodeIgniter\View\View->CodeIgniter\View\{closure}()
 4 SYSTEMPATH\Common.php(1184): CodeIgniter\View\View->render('admin-page', [], true)
 5 APPPATH\Controllers\C_admin_page.php(21): view('admin-page')
 6 SYSTEMPATH\CodeIgniter.php(934): App\Controllers\C_admin_page->adminPage()
 7 SYSTEMPATH\CodeIgniter.php(499): CodeIgniter\CodeIgniter->runController(Object(App\Controllers\C_admin_page))
 8 SYSTEMPATH\CodeIgniter.php(368): CodeIgniter\CodeIgniter->handleRequest(null, Object(Config\Cache), false)
 9 FCPATH\index.php(67): CodeIgniter\CodeIgniter->run()
CRITICAL - 2023-07-08 00:27:35 --> Undefined variable $tof
in APPPATH\Views\admin-page.php on line 117.
 1 APPPATH\Views\admin-page.php(117): CodeIgniter\Debug\Exceptions->errorHandler(2, 'Undefined variable $tof', 'C:\\xampp\\htdocs\\ufm\\app\\Views\\admin-page.php', 117)
 2 SYSTEMPATH\View\View.php(213): include('C:\\xampp\\htdocs\\ufm\\app\\Views\\admin-page.php')
 3 SYSTEMPATH\View\View.php(216): CodeIgniter\View\View->CodeIgniter\View\{closure}()
 4 SYSTEMPATH\Common.php(1184): CodeIgniter\View\View->render('admin-page', [], true)
 5 APPPATH\Controllers\C_admin_page.php(21): view('admin-page')
 6 SYSTEMPATH\CodeIgniter.php(934): App\Controllers\C_admin_page->adminPage()
 7 SYSTEMPATH\CodeIgniter.php(499): CodeIgniter\CodeIgniter->runController(Object(App\Controllers\C_admin_page))
 8 SYSTEMPATH\CodeIgniter.php(368): CodeIgniter\CodeIgniter->handleRequest(null, Object(Config\Cache), false)
 9 FCPATH\index.php(67): CodeIgniter\CodeIgniter->run()
CRITICAL - 2023-07-08 00:27:46 --> Undefined variable $tof
in APPPATH\Views\admin-page.php on line 117.
 1 APPPATH\Views\admin-page.php(117): CodeIgniter\Debug\Exceptions->errorHandler(2, 'Undefined variable $tof', 'C:\\xampp\\htdocs\\ufm\\app\\Views\\admin-page.php', 117)
 2 SYSTEMPATH\View\View.php(213): include('C:\\xampp\\htdocs\\ufm\\app\\Views\\admin-page.php')
 3 SYSTEMPATH\View\View.php(216): CodeIgniter\View\View->CodeIgniter\View\{closure}()
 4 SYSTEMPATH\Common.php(1184): CodeIgniter\View\View->render('admin-page', [], true)
 5 APPPATH\Controllers\C_admin_page.php(21): view('admin-page')
 6 SYSTEMPATH\CodeIgniter.php(934): App\Controllers\C_admin_page->adminPage()
 7 SYSTEMPATH\CodeIgniter.php(499): CodeIgniter\CodeIgniter->runController(Object(App\Controllers\C_admin_page))
 8 SYSTEMPATH\CodeIgniter.php(368): CodeIgniter\CodeIgniter->handleRequest(null, Object(Config\Cache), false)
 9 FCPATH\index.php(67): CodeIgniter\CodeIgniter->run()
CRITICAL - 2023-07-08 00:27:48 --> Undefined variable $tof
in APPPATH\Views\admin-page.php on line 117.
 1 APPPATH\Views\admin-page.php(117): CodeIgniter\Debug\Exceptions->errorHandler(2, 'Undefined variable $tof', 'C:\\xampp\\htdocs\\ufm\\app\\Views\\admin-page.php', 117)
 2 SYSTEMPATH\View\View.php(213): include('C:\\xampp\\htdocs\\ufm\\app\\Views\\admin-page.php')
 3 SYSTEMPATH\View\View.php(216): CodeIgniter\View\View->CodeIgniter\View\{closure}()
 4 SYSTEMPATH\Common.php(1184): CodeIgniter\View\View->render('admin-page', [], true)
 5 APPPATH\Controllers\C_admin_page.php(21): view('admin-page')
 6 SYSTEMPATH\CodeIgniter.php(934): App\Controllers\C_admin_page->adminPage()
 7 SYSTEMPATH\CodeIgniter.php(499): CodeIgniter\CodeIgniter->runController(Object(App\Controllers\C_admin_page))
 8 SYSTEMPATH\CodeIgniter.php(368): CodeIgniter\CodeIgniter->handleRequest(null, Object(Config\Cache), false)
 9 FCPATH\index.php(67): CodeIgniter\CodeIgniter->run()
CRITICAL - 2023-07-08 00:28:29 --> Undefined variable $tof
in APPPATH\Views\admin-page.php on line 117.
 1 APPPATH\Views\admin-page.php(117): CodeIgniter\Debug\Exceptions->errorHandler(2, 'Undefined variable $tof', 'C:\\xampp\\htdocs\\ufm\\app\\Views\\admin-page.php', 117)
 2 SYSTEMPATH\View\View.php(213): include('C:\\xampp\\htdocs\\ufm\\app\\Views\\admin-page.php')
 3 SYSTEMPATH\View\View.php(216): CodeIgniter\View\View->CodeIgniter\View\{closure}()
 4 SYSTEMPATH\Common.php(1184): CodeIgniter\View\View->render('admin-page', [], true)
 5 APPPATH\Controllers\C_admin_page.php(21): view('admin-page')
 6 SYSTEMPATH\CodeIgniter.php(934): App\Controllers\C_admin_page->adminPage()
 7 SYSTEMPATH\CodeIgniter.php(499): CodeIgniter\CodeIgniter->runController(Object(App\Controllers\C_admin_page))
 8 SYSTEMPATH\CodeIgniter.php(368): CodeIgniter\CodeIgniter->handleRequest(null, Object(Config\Cache), false)
 9 FCPATH\index.php(67): CodeIgniter\CodeIgniter->run()
CRITICAL - 2023-07-08 00:29:17 --> Undefined variable $tof
in APPPATH\Views\admin-page.php on line 1.
 1 APPPATH\Views\admin-page.php(1): CodeIgniter\Debug\Exceptions->errorHandler(2, 'Undefined variable $tof', 'C:\\xampp\\htdocs\\ufm\\app\\Views\\admin-page.php', 1)
 2 SYSTEMPATH\View\View.php(213): include('C:\\xampp\\htdocs\\ufm\\app\\Views\\admin-page.php')
 3 SYSTEMPATH\View\View.php(216): CodeIgniter\View\View->CodeIgniter\View\{closure}()
 4 SYSTEMPATH\Common.php(1184): CodeIgniter\View\View->render('admin-page', [], true)
 5 APPPATH\Controllers\C_admin_page.php(21): view('admin-page')
 6 SYSTEMPATH\CodeIgniter.php(934): App\Controllers\C_admin_page->adminPage()
 7 SYSTEMPATH\CodeIgniter.php(499): CodeIgniter\CodeIgniter->runController(Object(App\Controllers\C_admin_page))
 8 SYSTEMPATH\CodeIgniter.php(368): CodeIgniter\CodeIgniter->handleRequest(null, Object(Config\Cache), false)
 9 FCPATH\index.php(67): CodeIgniter\CodeIgniter->run()
CRITICAL - 2023-07-08 00:29:33 --> Undefined variable $tof
in APPPATH\Views\admin-page.php on line 1.
 1 APPPATH\Views\admin-page.php(1): CodeIgniter\Debug\Exceptions->errorHandler(2, 'Undefined variable $tof', 'C:\\xampp\\htdocs\\ufm\\app\\Views\\admin-page.php', 1)
 2 SYSTEMPATH\View\View.php(213): include('C:\\xampp\\htdocs\\ufm\\app\\Views\\admin-page.php')
 3 SYSTEMPATH\View\View.php(216): CodeIgniter\View\View->CodeIgniter\View\{closure}()
 4 SYSTEMPATH\Common.php(1184): CodeIgniter\View\View->render('admin-page', [], true)
 5 APPPATH\Controllers\C_admin_page.php(21): view('admin-page')
 6 SYSTEMPATH\CodeIgniter.php(934): App\Controllers\C_admin_page->adminPage()
 7 SYSTEMPATH\CodeIgniter.php(499): CodeIgniter\CodeIgniter->runController(Object(App\Controllers\C_admin_page))
 8 SYSTEMPATH\CodeIgniter.php(368): CodeIgniter\CodeIgniter->handleRequest(null, Object(Config\Cache), false)
 9 FCPATH\index.php(67): CodeIgniter\CodeIgniter->run()
CRITICAL - 2023-07-08 00:32:35 --> Undefined variable $tof
in APPPATH\Views\admin-page.php on line 117.
 1 APPPATH\Views\admin-page.php(117): CodeIgniter\Debug\Exceptions->errorHandler(2, 'Undefined variable $tof', 'C:\\xampp\\htdocs\\ufm\\app\\Views\\admin-page.php', 117)
 2 SYSTEMPATH\View\View.php(213): include('C:\\xampp\\htdocs\\ufm\\app\\Views\\admin-page.php')
 3 SYSTEMPATH\View\View.php(216): CodeIgniter\View\View->CodeIgniter\View\{closure}()
 4 SYSTEMPATH\Common.php(1184): CodeIgniter\View\View->render('admin-page', [], true)
 5 APPPATH\Controllers\C_admin_page.php(21): view('admin-page')
 6 SYSTEMPATH\CodeIgniter.php(934): App\Controllers\C_admin_page->adminPage()
 7 SYSTEMPATH\CodeIgniter.php(499): CodeIgniter\CodeIgniter->runController(Object(App\Controllers\C_admin_page))
 8 SYSTEMPATH\CodeIgniter.php(368): CodeIgniter\CodeIgniter->handleRequest(null, Object(Config\Cache), false)
 9 FCPATH\index.php(67): CodeIgniter\CodeIgniter->run()
CRITICAL - 2023-07-08 00:33:12 --> Undefined variable $tof
in APPPATH\Views\admin-page.php on line 117.
 1 APPPATH\Views\admin-page.php(117): CodeIgniter\Debug\Exceptions->errorHandler(2, 'Undefined variable $tof', 'C:\\xampp\\htdocs\\ufm\\app\\Views\\admin-page.php', 117)
 2 SYSTEMPATH\View\View.php(213): include('C:\\xampp\\htdocs\\ufm\\app\\Views\\admin-page.php')
 3 SYSTEMPATH\View\View.php(216): CodeIgniter\View\View->CodeIgniter\View\{closure}()
 4 SYSTEMPATH\Common.php(1184): CodeIgniter\View\View->render('admin-page', [], true)
 5 APPPATH\Controllers\C_admin_page.php(21): view('admin-page')
 6 SYSTEMPATH\CodeIgniter.php(934): App\Controllers\C_admin_page->adminPage()
 7 SYSTEMPATH\CodeIgniter.php(499): CodeIgniter\CodeIgniter->runController(Object(App\Controllers\C_admin_page))
 8 SYSTEMPATH\CodeIgniter.php(368): CodeIgniter\CodeIgniter->handleRequest(null, Object(Config\Cache), false)
 9 FCPATH\index.php(67): CodeIgniter\CodeIgniter->run()
CRITICAL - 2023-07-08 00:33:15 --> Undefined variable $tof
in APPPATH\Views\admin-page.php on line 117.
 1 APPPATH\Views\admin-page.php(117): CodeIgniter\Debug\Exceptions->errorHandler(2, 'Undefined variable $tof', 'C:\\xampp\\htdocs\\ufm\\app\\Views\\admin-page.php', 117)
 2 SYSTEMPATH\View\View.php(213): include('C:\\xampp\\htdocs\\ufm\\app\\Views\\admin-page.php')
 3 SYSTEMPATH\View\View.php(216): CodeIgniter\View\View->CodeIgniter\View\{closure}()
 4 SYSTEMPATH\Common.php(1184): CodeIgniter\View\View->render('admin-page', [], true)
 5 APPPATH\Controllers\C_admin_page.php(21): view('admin-page')
 6 SYSTEMPATH\CodeIgniter.php(934): App\Controllers\C_admin_page->adminPage()
 7 SYSTEMPATH\CodeIgniter.php(499): CodeIgniter\CodeIgniter->runController(Object(App\Controllers\C_admin_page))
 8 SYSTEMPATH\CodeIgniter.php(368): CodeIgniter\CodeIgniter->handleRequest(null, Object(Config\Cache), false)
 9 FCPATH\index.php(67): CodeIgniter\CodeIgniter->run()
CRITICAL - 2023-07-08 00:33:27 --> Undefined variable $tof
in APPPATH\Views\admin-page.php on line 117.
 1 APPPATH\Views\admin-page.php(117): CodeIgniter\Debug\Exceptions->errorHandler(2, 'Undefined variable $tof', 'C:\\xampp\\htdocs\\ufm\\app\\Views\\admin-page.php', 117)
 2 SYSTEMPATH\View\View.php(213): include('C:\\xampp\\htdocs\\ufm\\app\\Views\\admin-page.php')
 3 SYSTEMPATH\View\View.php(216): CodeIgniter\View\View->CodeIgniter\View\{closure}()
 4 SYSTEMPATH\Common.php(1184): CodeIgniter\View\View->render('admin-page', [], true)
 5 APPPATH\Controllers\C_admin_page.php(21): view('admin-page')
 6 SYSTEMPATH\CodeIgniter.php(934): App\Controllers\C_admin_page->adminPage()
 7 SYSTEMPATH\CodeIgniter.php(499): CodeIgniter\CodeIgniter->runController(Object(App\Controllers\C_admin_page))
 8 SYSTEMPATH\CodeIgniter.php(368): CodeIgniter\CodeIgniter->handleRequest(null, Object(Config\Cache), false)
 9 FCPATH\index.php(67): CodeIgniter\CodeIgniter->run()
CRITICAL - 2023-07-08 00:37:01 --> Undefined variable $tof
in APPPATH\Views\admin-page.php on line 117.
 1 APPPATH\Views\admin-page.php(117): CodeIgniter\Debug\Exceptions->errorHandler(2, 'Undefined variable $tof', 'C:\\xampp\\htdocs\\ufm\\app\\Views\\admin-page.php', 117)
 2 SYSTEMPATH\View\View.php(213): include('C:\\xampp\\htdocs\\ufm\\app\\Views\\admin-page.php')
 3 SYSTEMPATH\View\View.php(216): CodeIgniter\View\View->CodeIgniter\View\{closure}()
 4 SYSTEMPATH\Common.php(1184): CodeIgniter\View\View->render('admin-page', [], true)
 5 APPPATH\Controllers\C_admin_page.php(22): view('admin-page')
 6 SYSTEMPATH\CodeIgniter.php(934): App\Controllers\C_admin_page->adminPage()
 7 SYSTEMPATH\CodeIgniter.php(499): CodeIgniter\CodeIgniter->runController(Object(App\Controllers\C_admin_page))
 8 SYSTEMPATH\CodeIgniter.php(368): CodeIgniter\CodeIgniter->handleRequest(null, Object(Config\Cache), false)
 9 FCPATH\index.php(67): CodeIgniter\CodeIgniter->run()
CRITICAL - 2023-07-08 00:37:31 --> Undefined variable $tof
in APPPATH\Views\admin-page.php on line 117.
 1 APPPATH\Views\admin-page.php(117): CodeIgniter\Debug\Exceptions->errorHandler(2, 'Undefined variable $tof', 'C:\\xampp\\htdocs\\ufm\\app\\Views\\admin-page.php', 117)
 2 SYSTEMPATH\View\View.php(213): include('C:\\xampp\\htdocs\\ufm\\app\\Views\\admin-page.php')
 3 SYSTEMPATH\View\View.php(216): CodeIgniter\View\View->CodeIgniter\View\{closure}()
 4 SYSTEMPATH\Common.php(1184): CodeIgniter\View\View->render('admin-page', [], true)
 5 APPPATH\Controllers\C_admin_page.php(22): view('admin-page')
 6 SYSTEMPATH\CodeIgniter.php(934): App\Controllers\C_admin_page->adminPage()
 7 SYSTEMPATH\CodeIgniter.php(499): CodeIgniter\CodeIgniter->runController(Object(App\Controllers\C_admin_page))
 8 SYSTEMPATH\CodeIgniter.php(368): CodeIgniter\CodeIgniter->handleRequest(null, Object(Config\Cache), false)
 9 FCPATH\index.php(67): CodeIgniter\CodeIgniter->run()
CRITICAL - 2023-07-08 00:39:51 --> Undefined variable $tof
in APPPATH\Views\estructura\footer.php on line 21.
 1 APPPATH\Views\estructura\footer.php(21): CodeIgniter\Debug\Exceptions->errorHandler(2, 'Undefined variable $tof', 'C:\\xampp\\htdocs\\ufm\\app\\Views\\estructura\\footer.php', 21)
 2 SYSTEMPATH\View\View.php(213): include('C:\\xampp\\htdocs\\ufm\\app\\Views\\estructura\\footer.php')
 3 SYSTEMPATH\View\View.php(216): CodeIgniter\View\View->CodeIgniter\View\{closure}()
 4 SYSTEMPATH\Common.php(1184): CodeIgniter\View\View->render('estructura/footer', [], true)
 5 APPPATH\Controllers\c_contactenos.php(18): view('estructura/footer')
 6 SYSTEMPATH\CodeIgniter.php(934): App\Controllers\c_contactenos->contactar()
 7 SYSTEMPATH\CodeIgniter.php(499): CodeIgniter\CodeIgniter->runController(Object(App\Controllers\c_contactenos))
 8 SYSTEMPATH\CodeIgniter.php(368): CodeIgniter\CodeIgniter->handleRequest(null, Object(Config\Cache), false)
 9 FCPATH\index.php(67): CodeIgniter\CodeIgniter->run()
CRITICAL - 2023-07-08 00:42:28 --> Invalid file: "estructura/nav.php"
in SYSTEMPATH\Exceptions\FrameworkException.php on line 33.
 1 SYSTEMPATH\View\View.php(201): CodeIgniter\Exceptions\FrameworkException::forInvalidFile('estructura/nav.php')
 2 SYSTEMPATH\Common.php(1184): CodeIgniter\View\View->render('estructura/nav', [], true)
 3 APPPATH\Controllers\Home.php(24): view('estructura/nav')
 4 SYSTEMPATH\CodeIgniter.php(934): App\Controllers\Home->index()
 5 SYSTEMPATH\CodeIgniter.php(499): CodeIgniter\CodeIgniter->runController(Object(App\Controllers\Home))
 6 SYSTEMPATH\CodeIgniter.php(368): CodeIgniter\CodeIgniter->handleRequest(null, Object(Config\Cache), false)
 7 FCPATH\index.php(67): CodeIgniter\CodeIgniter->run()
CRITICAL - 2023-07-08 00:43:30 --> Undefined variable $tof
in APPPATH\Views\welcome_message.php on line 189.
 1 APPPATH\Views\welcome_message.php(189): CodeIgniter\Debug\Exceptions->errorHandler(2, 'Undefined variable $tof', 'C:\\xampp\\htdocs\\ufm\\app\\Views\\welcome_message.php', 189)
 2 SYSTEMPATH\View\View.php(213): include('C:\\xampp\\htdocs\\ufm\\app\\Views\\welcome_message.php')
 3 SYSTEMPATH\View\View.php(216): CodeIgniter\View\View->CodeIgniter\View\{closure}()
 4 SYSTEMPATH\Common.php(1184): CodeIgniter\View\View->render('welcome_message', [], true)
 5 APPPATH\Controllers\Home.php(24): view('welcome_message')
 6 SYSTEMPATH\CodeIgniter.php(934): App\Controllers\Home->index()
 7 SYSTEMPATH\CodeIgniter.php(499): CodeIgniter\CodeIgniter->runController(Object(App\Controllers\Home))
 8 SYSTEMPATH\CodeIgniter.php(368): CodeIgniter\CodeIgniter->handleRequest(null, Object(Config\Cache), false)
 9 FCPATH\index.php(67): CodeIgniter\CodeIgniter->run()
