CRITICAL - 2023-06-22 22:43:49 --> Undefined array key "id"
in APPPATH\Controllers\c_mas_noticias.php on line 17.
 1 APPPATH\Controllers\c_mas_noticias.php(17): CodeIgniter\Debug\Exceptions->errorHandler(2, 'Undefined array key "id"', 'C:\\xampp\\htdocs\\ufm\\app\\Controllers\\c_mas_noticias.php', 17)
 2 SYSTEMPATH\CodeIgniter.php(934): App\Controllers\c_mas_noticias->masNoticias()
 3 SYSTEMPATH\CodeIgniter.php(499): CodeIgniter\CodeIgniter->runController(Object(App\Controllers\c_mas_noticias))
 4 SYSTEMPATH\CodeIgniter.php(368): CodeIgniter\CodeIgniter->handleRequest(null, Object(Config\Cache), false)
 5 FCPATH\index.php(67): CodeIgniter\CodeIgniter->run()
CRITICAL - 2023-06-22 22:44:32 --> Undefined variable $request
in APPPATH\Controllers\c_mas_noticias.php on line 17.
 1 APPPATH\Controllers\c_mas_noticias.php(17): CodeIgniter\Debug\Exceptions->errorHandler(2, 'Undefined variable $request', 'C:\\xampp\\htdocs\\ufm\\app\\Controllers\\c_mas_noticias.php', 17)
 2 SYSTEMPATH\CodeIgniter.php(934): App\Controllers\c_mas_noticias->masNoticias()
 3 SYSTEMPATH\CodeIgniter.php(499): CodeIgniter\CodeIgniter->runController(Object(App\Controllers\c_mas_noticias))
 4 SYSTEMPATH\CodeIgniter.php(368): CodeIgniter\CodeIgniter->handleRequest(null, Object(Config\Cache), false)
 5 FCPATH\index.php(67): CodeIgniter\CodeIgniter->run()
CRITICAL - 2023-06-22 22:45:15 --> Undefined variable $request
in APPPATH\Controllers\c_mas_noticias.php on line 18.
 1 APPPATH\Controllers\c_mas_noticias.php(18): CodeIgniter\Debug\Exceptions->errorHandler(2, 'Undefined variable $request', 'C:\\xampp\\htdocs\\ufm\\app\\Controllers\\c_mas_noticias.php', 18)
 2 SYSTEMPATH\CodeIgniter.php(934): App\Controllers\c_mas_noticias->masNoticias()
 3 SYSTEMPATH\CodeIgniter.php(499): CodeIgniter\CodeIgniter->runController(Object(App\Controllers\c_mas_noticias))
 4 SYSTEMPATH\CodeIgniter.php(368): CodeIgniter\CodeIgniter->handleRequest(null, Object(Config\Cache), false)
 5 FCPATH\index.php(67): CodeIgniter\CodeIgniter->run()
