CRITICAL - 2023-06-21 15:35:21 --> Undefined property: App\Controllers\c_agg_noticia::$input
in APPPATH\Controllers\c_agg_noticia.php on line 17.
 1 APPPATH\Controllers\c_agg_noticia.php(17): CodeIgniter\Debug\Exceptions->errorHandler(2, 'Undefined property: App\\Controllers\\c_agg_noticia::$input', 'C:\\xampp\\htdocs\\ufm\\app\\Controllers\\c_agg_noticia.php', 17)
 2 SYSTEMPATH\CodeIgniter.php(934): App\Controllers\c_agg_noticia->aggNoticia()
 3 SYSTEMPATH\CodeIgniter.php(499): CodeIgniter\CodeIgniter->runController(Object(App\Controllers\c_agg_noticia))
 4 SYSTEMPATH\CodeIgniter.php(368): CodeIgniter\CodeIgniter->handleRequest(null, Object(Config\Cache), false)
 5 FCPATH\index.php(67): CodeIgniter\CodeIgniter->run()
CRITICAL - 2023-06-21 15:36:46 --> Undefined property: App\Controllers\c_agg_noticia::$input
in APPPATH\Controllers\c_agg_noticia.php on line 17.
 1 APPPATH\Controllers\c_agg_noticia.php(17): CodeIgniter\Debug\Exceptions->errorHandler(2, 'Undefined property: App\\Controllers\\c_agg_noticia::$input', 'C:\\xampp\\htdocs\\ufm\\app\\Controllers\\c_agg_noticia.php', 17)
 2 SYSTEMPATH\CodeIgniter.php(934): App\Controllers\c_agg_noticia->aggNoticia()
 3 SYSTEMPATH\CodeIgniter.php(499): CodeIgniter\CodeIgniter->runController(Object(App\Controllers\c_agg_noticia))
 4 SYSTEMPATH\CodeIgniter.php(368): CodeIgniter\CodeIgniter->handleRequest(null, Object(Config\Cache), false)
 5 FCPATH\index.php(67): CodeIgniter\CodeIgniter->run()
CRITICAL - 2023-06-21 16:08:32 --> Class "App\Controllers\m_multimedia" not found
in APPPATH\Controllers\c_agg_noticia.php on line 28.
 1 SYSTEMPATH\CodeIgniter.php(934): App\Controllers\c_agg_noticia->aggNoticia()
 2 SYSTEMPATH\CodeIgniter.php(499): CodeIgniter\CodeIgniter->runController(Object(App\Controllers\c_agg_noticia))
 3 SYSTEMPATH\CodeIgniter.php(368): CodeIgniter\CodeIgniter->handleRequest(null, Object(Config\Cache), false)
 4 FCPATH\index.php(67): CodeIgniter\CodeIgniter->run()
ERROR - 2023-06-21 16:22:20 --> mysqli_sql_exception: Column 'titulo' cannot be null in C:\xampp\htdocs\ufm\system\Database\MySQLi\Connection.php:295
Stack trace:
#0 C:\xampp\htdocs\ufm\system\Database\MySQLi\Connection.php(295): mysqli->query('INSERT INTO `no...', 0)
#1 C:\xampp\htdocs\ufm\system\Database\BaseConnection.php(692): CodeIgniter\Database\MySQLi\Connection->execute('INSERT INTO `no...')
#2 C:\xampp\htdocs\ufm\system\Database\BaseConnection.php(606): CodeIgniter\Database\BaseConnection->simpleQuery('INSERT INTO `no...')
#3 C:\xampp\htdocs\ufm\system\Database\BaseBuilder.php(2309): CodeIgniter\Database\BaseConnection->query('INSERT INTO `no...', Array, false)
#4 C:\xampp\htdocs\ufm\system\Model.php(330): CodeIgniter\Database\BaseBuilder->insert()
#5 C:\xampp\htdocs\ufm\system\BaseModel.php(782): CodeIgniter\Model->doInsert(Array)
#6 C:\xampp\htdocs\ufm\system\Model.php(730): CodeIgniter\BaseModel->insert(Array, true)
#7 C:\xampp\htdocs\ufm\app\Controllers\c_agg_noticia.php(30): CodeIgniter\Model->insert(Array)
#8 C:\xampp\htdocs\ufm\system\CodeIgniter.php(934): App\Controllers\c_agg_noticia->aggNoticia()
#9 C:\xampp\htdocs\ufm\system\CodeIgniter.php(499): CodeIgniter\CodeIgniter->runController(Object(App\Controllers\c_agg_noticia))
#10 C:\xampp\htdocs\ufm\system\CodeIgniter.php(368): CodeIgniter\CodeIgniter->handleRequest(NULL, Object(Config\Cache), false)
#11 C:\xampp\htdocs\ufm\index.php(67): CodeIgniter\CodeIgniter->run()
#12 {main}
CRITICAL - 2023-06-21 16:22:20 --> Column 'titulo' cannot be null
in SYSTEMPATH\Database\MySQLi\Connection.php on line 295.
 1 SYSTEMPATH\Database\MySQLi\Connection.php(295): mysqli->query('INSERT INTO `noticias` (`titulo`, `url`, `texto`) VALUES (NULL, NULL, NULL)', 0)
 2 SYSTEMPATH\Database\BaseConnection.php(692): CodeIgniter\Database\MySQLi\Connection->execute('INSERT INTO `noticias` (`titulo`, `url`, `texto`) VALUES (NULL, NULL, NULL)')
 3 SYSTEMPATH\Database\BaseConnection.php(606): CodeIgniter\Database\BaseConnection->simpleQuery('INSERT INTO `noticias` (`titulo`, `url`, `texto`) VALUES (NULL, NULL, NULL)')
 4 SYSTEMPATH\Database\BaseBuilder.php(2309): CodeIgniter\Database\BaseConnection->query('INSERT INTO `noticias` (`titulo`, `url`, `texto`) VALUES (:titulo:, :url:, :texto:)', [...], false)
 5 SYSTEMPATH\Model.php(330): CodeIgniter\Database\BaseBuilder->insert()
 6 SYSTEMPATH\BaseModel.php(782): CodeIgniter\Model->doInsert([...])
 7 SYSTEMPATH\Model.php(730): CodeIgniter\BaseModel->insert([...], true)
 8 APPPATH\Controllers\c_agg_noticia.php(30): CodeIgniter\Model->insert([...])
 9 SYSTEMPATH\CodeIgniter.php(934): App\Controllers\c_agg_noticia->aggNoticia()
10 SYSTEMPATH\CodeIgniter.php(499): CodeIgniter\CodeIgniter->runController(Object(App\Controllers\c_agg_noticia))
11 SYSTEMPATH\CodeIgniter.php(368): CodeIgniter\CodeIgniter->handleRequest(null, Object(Config\Cache), false)
12 FCPATH\index.php(67): CodeIgniter\CodeIgniter->run()
ERROR - 2023-06-21 16:22:29 --> mysqli_sql_exception: Column 'titulo' cannot be null in C:\xampp\htdocs\ufm\system\Database\MySQLi\Connection.php:295
Stack trace:
#0 C:\xampp\htdocs\ufm\system\Database\MySQLi\Connection.php(295): mysqli->query('INSERT INTO `no...', 0)
#1 C:\xampp\htdocs\ufm\system\Database\BaseConnection.php(692): CodeIgniter\Database\MySQLi\Connection->execute('INSERT INTO `no...')
#2 C:\xampp\htdocs\ufm\system\Database\BaseConnection.php(606): CodeIgniter\Database\BaseConnection->simpleQuery('INSERT INTO `no...')
#3 C:\xampp\htdocs\ufm\system\Database\BaseBuilder.php(2309): CodeIgniter\Database\BaseConnection->query('INSERT INTO `no...', Array, false)
#4 C:\xampp\htdocs\ufm\system\Model.php(330): CodeIgniter\Database\BaseBuilder->insert()
#5 C:\xampp\htdocs\ufm\system\BaseModel.php(782): CodeIgniter\Model->doInsert(Array)
#6 C:\xampp\htdocs\ufm\system\Model.php(730): CodeIgniter\BaseModel->insert(Array, true)
#7 C:\xampp\htdocs\ufm\app\Controllers\c_agg_noticia.php(30): CodeIgniter\Model->insert(Array)
#8 C:\xampp\htdocs\ufm\system\CodeIgniter.php(934): App\Controllers\c_agg_noticia->aggNoticia()
#9 C:\xampp\htdocs\ufm\system\CodeIgniter.php(499): CodeIgniter\CodeIgniter->runController(Object(App\Controllers\c_agg_noticia))
#10 C:\xampp\htdocs\ufm\system\CodeIgniter.php(368): CodeIgniter\CodeIgniter->handleRequest(NULL, Object(Config\Cache), false)
#11 C:\xampp\htdocs\ufm\index.php(67): CodeIgniter\CodeIgniter->run()
#12 {main}
CRITICAL - 2023-06-21 16:22:29 --> Column 'titulo' cannot be null
in SYSTEMPATH\Database\MySQLi\Connection.php on line 295.
 1 SYSTEMPATH\Database\MySQLi\Connection.php(295): mysqli->query('INSERT INTO `noticias` (`titulo`, `url`, `texto`) VALUES (NULL, NULL, NULL)', 0)
 2 SYSTEMPATH\Database\BaseConnection.php(692): CodeIgniter\Database\MySQLi\Connection->execute('INSERT INTO `noticias` (`titulo`, `url`, `texto`) VALUES (NULL, NULL, NULL)')
 3 SYSTEMPATH\Database\BaseConnection.php(606): CodeIgniter\Database\BaseConnection->simpleQuery('INSERT INTO `noticias` (`titulo`, `url`, `texto`) VALUES (NULL, NULL, NULL)')
 4 SYSTEMPATH\Database\BaseBuilder.php(2309): CodeIgniter\Database\BaseConnection->query('INSERT INTO `noticias` (`titulo`, `url`, `texto`) VALUES (:titulo:, :url:, :texto:)', [...], false)
 5 SYSTEMPATH\Model.php(330): CodeIgniter\Database\BaseBuilder->insert()
 6 SYSTEMPATH\BaseModel.php(782): CodeIgniter\Model->doInsert([...])
 7 SYSTEMPATH\Model.php(730): CodeIgniter\BaseModel->insert([...], true)
 8 APPPATH\Controllers\c_agg_noticia.php(30): CodeIgniter\Model->insert([...])
 9 SYSTEMPATH\CodeIgniter.php(934): App\Controllers\c_agg_noticia->aggNoticia()
10 SYSTEMPATH\CodeIgniter.php(499): CodeIgniter\CodeIgniter->runController(Object(App\Controllers\c_agg_noticia))
11 SYSTEMPATH\CodeIgniter.php(368): CodeIgniter\CodeIgniter->handleRequest(null, Object(Config\Cache), false)
12 FCPATH\index.php(67): CodeIgniter\CodeIgniter->run()
CRITICAL - 2023-06-21 16:23:34 --> Undefined constant "App\Controllers\datos"
in APPPATH\Controllers\c_agg_noticia.php on line 30.
 1 SYSTEMPATH\CodeIgniter.php(934): App\Controllers\c_agg_noticia->aggNoticia()
 2 SYSTEMPATH\CodeIgniter.php(499): CodeIgniter\CodeIgniter->runController(Object(App\Controllers\c_agg_noticia))
 3 SYSTEMPATH\CodeIgniter.php(368): CodeIgniter\CodeIgniter->handleRequest(null, Object(Config\Cache), false)
 4 FCPATH\index.php(67): CodeIgniter\CodeIgniter->run()
CRITICAL - 2023-06-21 16:28:40 --> Undefined array key "url"
in APPPATH\Views\mas_noticias.php on line 47.
 1 APPPATH\Views\mas_noticias.php(47): CodeIgniter\Debug\Exceptions->errorHandler(2, 'Undefined array key "url"', 'C:\\xampp\\htdocs\\ufm\\app\\Views\\mas_noticias.php', 47)
 2 SYSTEMPATH\View\View.php(213): include('C:\\xampp\\htdocs\\ufm\\app\\Views\\mas_noticias.php')
 3 SYSTEMPATH\View\View.php(216): CodeIgniter\View\View->CodeIgniter\View\{closure}()
 4 SYSTEMPATH\Common.php(1184): CodeIgniter\View\View->render('mas_noticias', [], true)
 5 APPPATH\Controllers\c_mas_noticias.php(21): view('mas_noticias', [...])
 6 SYSTEMPATH\CodeIgniter.php(934): App\Controllers\c_mas_noticias->masNoticias()
 7 SYSTEMPATH\CodeIgniter.php(499): CodeIgniter\CodeIgniter->runController(Object(App\Controllers\c_mas_noticias))
 8 SYSTEMPATH\CodeIgniter.php(368): CodeIgniter\CodeIgniter->handleRequest(null, Object(Config\Cache), false)
 9 FCPATH\index.php(67): CodeIgniter\CodeIgniter->run()
CRITICAL - 2023-06-21 16:30:38 --> Undefined array key "url"
in APPPATH\Views\mas_noticias.php on line 47.
 1 APPPATH\Views\mas_noticias.php(47): CodeIgniter\Debug\Exceptions->errorHandler(2, 'Undefined array key "url"', 'C:\\xampp\\htdocs\\ufm\\app\\Views\\mas_noticias.php', 47)
 2 SYSTEMPATH\View\View.php(213): include('C:\\xampp\\htdocs\\ufm\\app\\Views\\mas_noticias.php')
 3 SYSTEMPATH\View\View.php(216): CodeIgniter\View\View->CodeIgniter\View\{closure}()
 4 SYSTEMPATH\Common.php(1184): CodeIgniter\View\View->render('mas_noticias', [], true)
 5 APPPATH\Controllers\c_mas_noticias.php(21): view('mas_noticias', [...])
 6 SYSTEMPATH\CodeIgniter.php(934): App\Controllers\c_mas_noticias->masNoticias()
 7 SYSTEMPATH\CodeIgniter.php(499): CodeIgniter\CodeIgniter->runController(Object(App\Controllers\c_mas_noticias))
 8 SYSTEMPATH\CodeIgniter.php(368): CodeIgniter\CodeIgniter->handleRequest(null, Object(Config\Cache), false)
 9 FCPATH\index.php(67): CodeIgniter\CodeIgniter->run()
CRITICAL - 2023-06-21 16:38:12 --> Undefined array key "url"
in APPPATH\Views\noticias.php on line 35.
 1 APPPATH\Views\noticias.php(35): CodeIgniter\Debug\Exceptions->errorHandler(2, 'Undefined array key "url"', 'C:\\xampp\\htdocs\\ufm\\app\\Views\\noticias.php', 35)
 2 SYSTEMPATH\View\View.php(213): include('C:\\xampp\\htdocs\\ufm\\app\\Views\\noticias.php')
 3 SYSTEMPATH\View\View.php(216): CodeIgniter\View\View->CodeIgniter\View\{closure}()
 4 SYSTEMPATH\Common.php(1184): CodeIgniter\View\View->render('noticias', [], true)
 5 APPPATH\Controllers\c_noticias.php(21): view('noticias', [...])
 6 SYSTEMPATH\CodeIgniter.php(934): App\Controllers\c_noticias->notice()
 7 SYSTEMPATH\CodeIgniter.php(499): CodeIgniter\CodeIgniter->runController(Object(App\Controllers\c_noticias))
 8 SYSTEMPATH\CodeIgniter.php(368): CodeIgniter\CodeIgniter->handleRequest(null, Object(Config\Cache), false)
 9 FCPATH\index.php(67): CodeIgniter\CodeIgniter->run()
CRITICAL - 2023-06-21 16:46:14 --> end(): Argument #1 ($array) must be of type array, null given
in APPPATH\Views\noticias.php on line 41.
 1 APPPATH\Views\noticias.php(41): end(null)
 2 SYSTEMPATH\View\View.php(213): include('C:\\xampp\\htdocs\\ufm\\app\\Views\\noticias.php')
 3 SYSTEMPATH\View\View.php(216): CodeIgniter\View\View->CodeIgniter\View\{closure}()
 4 SYSTEMPATH\Common.php(1184): CodeIgniter\View\View->render('noticias', [], true)
 5 APPPATH\Controllers\c_noticias.php(21): view('noticias', [...])
 6 SYSTEMPATH\CodeIgniter.php(934): App\Controllers\c_noticias->notice()
 7 SYSTEMPATH\CodeIgniter.php(499): CodeIgniter\CodeIgniter->runController(Object(App\Controllers\c_noticias))
 8 SYSTEMPATH\CodeIgniter.php(368): CodeIgniter\CodeIgniter->handleRequest(null, Object(Config\Cache), false)
 9 FCPATH\index.php(67): CodeIgniter\CodeIgniter->run()
CRITICAL - 2023-06-21 16:47:32 --> end(): Argument #1 ($array) must be of type array, null given
in APPPATH\Views\noticias.php on line 43.
 1 APPPATH\Views\noticias.php(43): end(null)
 2 SYSTEMPATH\View\View.php(213): include('C:\\xampp\\htdocs\\ufm\\app\\Views\\noticias.php')
 3 SYSTEMPATH\View\View.php(216): CodeIgniter\View\View->CodeIgniter\View\{closure}()
 4 SYSTEMPATH\Common.php(1184): CodeIgniter\View\View->render('noticias', [], true)
 5 APPPATH\Controllers\c_noticias.php(21): view('noticias', [...])
 6 SYSTEMPATH\CodeIgniter.php(934): App\Controllers\c_noticias->notice()
 7 SYSTEMPATH\CodeIgniter.php(499): CodeIgniter\CodeIgniter->runController(Object(App\Controllers\c_noticias))
 8 SYSTEMPATH\CodeIgniter.php(368): CodeIgniter\CodeIgniter->handleRequest(null, Object(Config\Cache), false)
 9 FCPATH\index.php(67): CodeIgniter\CodeIgniter->run()
CRITICAL - 2023-06-21 16:47:53 --> end(): Argument #1 ($array) must be of type array, null given
in APPPATH\Views\noticias.php on line 43.
 1 APPPATH\Views\noticias.php(43): end(null)
 2 SYSTEMPATH\View\View.php(213): include('C:\\xampp\\htdocs\\ufm\\app\\Views\\noticias.php')
 3 SYSTEMPATH\View\View.php(216): CodeIgniter\View\View->CodeIgniter\View\{closure}()
 4 SYSTEMPATH\Common.php(1184): CodeIgniter\View\View->render('noticias', [], true)
 5 APPPATH\Controllers\c_noticias.php(21): view('noticias', [...])
 6 SYSTEMPATH\CodeIgniter.php(934): App\Controllers\c_noticias->notice()
 7 SYSTEMPATH\CodeIgniter.php(499): CodeIgniter\CodeIgniter->runController(Object(App\Controllers\c_noticias))
 8 SYSTEMPATH\CodeIgniter.php(368): CodeIgniter\CodeIgniter->handleRequest(null, Object(Config\Cache), false)
 9 FCPATH\index.php(67): CodeIgniter\CodeIgniter->run()
CRITICAL - 2023-06-21 16:55:34 --> substr() expects at most 3 arguments, 4 given
in APPPATH\Views\noticias.php on line 54.
 1 APPPATH\Views\noticias.php(54): substr('texto de la noticia', 0, 100, '...')
 2 SYSTEMPATH\View\View.php(213): include('C:\\xampp\\htdocs\\ufm\\app\\Views\\noticias.php')
 3 SYSTEMPATH\View\View.php(216): CodeIgniter\View\View->CodeIgniter\View\{closure}()
 4 SYSTEMPATH\Common.php(1184): CodeIgniter\View\View->render('noticias', [], true)
 5 APPPATH\Controllers\c_noticias.php(21): view('noticias', [...])
 6 SYSTEMPATH\CodeIgniter.php(934): App\Controllers\c_noticias->notice()
 7 SYSTEMPATH\CodeIgniter.php(499): CodeIgniter\CodeIgniter->runController(Object(App\Controllers\c_noticias))
 8 SYSTEMPATH\CodeIgniter.php(368): CodeIgniter\CodeIgniter->handleRequest(null, Object(Config\Cache), false)
 9 FCPATH\index.php(67): CodeIgniter\CodeIgniter->run()
